{"uuid":"df93838f-e197-4566-bafc-e01c7ac44616","historyId":"92317106b2500c285ef6d6e302c721a3","fullName":"src.tests.authen.LoginTestWithBaseTest.testLogin","labels":[{"name":"package","value":"src.tests.authen.LoginTestWithBaseTest"},{"name":"testClass","value":"src.tests.authen.LoginTestWithBaseTest"},{"name":"testMethod","value":"testLogin"},{"name":"parentSuite","value":"Regression"},{"name":"suite","value":"Authentication 03"},{"name":"subSuite","value":"src.tests.authen.LoginTestWithBaseTest"},{"name":"host","value":"DESKTOP-RAH6IHC"},{"name":"thread","value":"19200@DESKTOP-RAH6IHC.TestNG-tests-3(14)"},{"name":"framework","value":"testng"},{"name":"language","value":"java"}],"links":[{"name":"TEST-123","type":"tms"}],"name":"testLogin","status":"broken","statusDetails":{"known":false,"muted":false,"flaky":false,"message":"Unable to create a new remote session. Please check the server log for more details. Original error: An unknown server-side error occurred while processing the command. Original error: Could not determine iOS SDK version: Could not find path to Xcode by symlinks located in /var/db/xcode_select_link, or /usr/share/xcode-select/xcode_dir_link\nBuild info: version: '3.141.59', revision: 'e82be7d358', time: '2018-11-14T08:17:03'\nSystem info: host: 'DESKTOP-RAH6IHC', ip: '192.168.1.7', os.name: 'Windows 10', os.arch: 'amd64', os.version: '10.0', java.version: '1.8.0_351'\nDriver info: driver.version: IOSDriver\nremote stacktrace: UnknownError: An unknown server-side error occurred while processing the command. Original error: Could not determine iOS SDK version: Could not find path to Xcode by symlinks located in /var/db/xcode_select_link, or /usr/share/xcode-select/xcode_dir_link\n    at getResponseForW3CError (C:\\Users\\ad\\AppData\\Roaming\\npm\\node_modules\\appium\\node_modules\\appium-base-driver\\lib\\protocol\\errors.js:804:9)\n    at asyncHandler (C:\\Users\\ad\\AppData\\Roaming\\npm\\node_modules\\appium\\node_modules\\appium-base-driver\\lib\\protocol\\protocol.js:380:37)\nBuild info: version: '3.141.59', revision: 'e82be7d358', time: '2018-11-14T08:17:03'\nSystem info: host: 'DESKTOP-RAH6IHC', ip: '192.168.1.7', os.name: 'Windows 10', os.arch: 'amd64', os.version: '10.0', java.version: '1.8.0_351'\nDriver info: driver.version: IOSDriver","trace":"org.openqa.selenium.SessionNotCreatedException: Unable to create a new remote session. Please check the server log for more details. Original error: An unknown server-side error occurred while processing the command. Original error: Could not determine iOS SDK version: Could not find path to Xcode by symlinks located in /var/db/xcode_select_link, or /usr/share/xcode-select/xcode_dir_link\nBuild info: version: '3.141.59', revision: 'e82be7d358', time: '2018-11-14T08:17:03'\nSystem info: host: 'DESKTOP-RAH6IHC', ip: '192.168.1.7', os.name: 'Windows 10', os.arch: 'amd64', os.version: '10.0', java.version: '1.8.0_351'\nDriver info: driver.version: IOSDriver\nremote stacktrace: UnknownError: An unknown server-side error occurred while processing the command. Original error: Could not determine iOS SDK version: Could not find path to Xcode by symlinks located in /var/db/xcode_select_link, or /usr/share/xcode-select/xcode_dir_link\n    at getResponseForW3CError (C:\\Users\\ad\\AppData\\Roaming\\npm\\node_modules\\appium\\node_modules\\appium-base-driver\\lib\\protocol\\errors.js:804:9)\n    at asyncHandler (C:\\Users\\ad\\AppData\\Roaming\\npm\\node_modules\\appium\\node_modules\\appium-base-driver\\lib\\protocol\\protocol.js:380:37)\nBuild info: version: '3.141.59', revision: 'e82be7d358', time: '2018-11-14T08:17:03'\nSystem info: host: 'DESKTOP-RAH6IHC', ip: '192.168.1.7', os.name: 'Windows 10', os.arch: 'amd64', os.version: '10.0', java.version: '1.8.0_351'\nDriver info: driver.version: IOSDriver\r\n\tat io.appium.java_client.remote.AppiumCommandExecutor$1.createSession(AppiumCommandExecutor.java:216)\r\n\tat io.appium.java_client.remote.AppiumCommandExecutor.createSession(AppiumCommandExecutor.java:225)\r\n\tat io.appium.java_client.remote.AppiumCommandExecutor.execute(AppiumCommandExecutor.java:250)\r\n\tat org.openqa.selenium.remote.RemoteWebDriver.execute(RemoteWebDriver.java:552)\r\n\tat io.appium.java_client.DefaultGenericMobileDriver.execute(DefaultGenericMobileDriver.java:41)\r\n\tat io.appium.java_client.AppiumDriver.execute(AppiumDriver.java:1)\r\n\tat io.appium.java_client.ios.IOSDriver.execute(IOSDriver.java:1)\r\n\tat org.openqa.selenium.remote.RemoteWebDriver.startSession(RemoteWebDriver.java:213)\r\n\tat io.appium.java_client.AppiumDriver.startSession(AppiumDriver.java:363)\r\n\tat org.openqa.selenium.remote.RemoteWebDriver.<init>(RemoteWebDriver.java:131)\r\n\tat io.appium.java_client.DefaultGenericMobileDriver.<init>(DefaultGenericMobileDriver.java:37)\r\n\tat io.appium.java_client.AppiumDriver.<init>(AppiumDriver.java:89)\r\n\tat io.appium.java_client.AppiumDriver.<init>(AppiumDriver.java:99)\r\n\tat io.appium.java_client.ios.IOSDriver.<init>(IOSDriver.java:90)\r\n\tat src.drivers.DriverFactory.getDriver(DriverFactory.java:87)\r\n\tat src.tests.BaseTest.getDriver(BaseTest.java:34)\r\n\tat src.tests.authen.LoginTestWithBaseTest.testLogin(LoginTestWithBaseTest.java:18)\r\n\tat sun.reflect.NativeMethodAccessorImpl.invoke0(Native Method)\r\n\tat sun.reflect.NativeMethodAccessorImpl.invoke(NativeMethodAccessorImpl.java:62)\r\n\tat sun.reflect.DelegatingMethodAccessorImpl.invoke(DelegatingMethodAccessorImpl.java:43)\r\n\tat java.lang.reflect.Method.invoke(Method.java:498)\r\n\tat org.testng.internal.invokers.MethodInvocationHelper.invokeMethod(MethodInvocationHelper.java:135)\r\n\tat org.testng.internal.invokers.TestInvoker.invokeMethod(TestInvoker.java:673)\r\n\tat org.testng.internal.invokers.TestInvoker.invokeTestMethod(TestInvoker.java:220)\r\n\tat org.testng.internal.invokers.MethodRunner.runInSequence(MethodRunner.java:50)\r\n\tat org.testng.internal.invokers.TestInvoker$MethodInvocationAgent.invoke(TestInvoker.java:945)\r\n\tat org.testng.internal.invokers.TestInvoker.invokeTestMethods(TestInvoker.java:193)\r\n\tat org.testng.internal.invokers.TestMethodWorker.invokeTestMethods(TestMethodWorker.java:146)\r\n\tat org.testng.internal.invokers.TestMethodWorker.run(TestMethodWorker.java:128)\r\n\tat java.util.ArrayList.forEach(ArrayList.java:1259)\r\n\tat org.testng.TestRunner.privateRun(TestRunner.java:808)\r\n\tat org.testng.TestRunner.run(TestRunner.java:603)\r\n\tat org.testng.SuiteRunner.runTest(SuiteRunner.java:429)\r\n\tat org.testng.SuiteRunner.access$000(SuiteRunner.java:32)\r\n\tat org.testng.SuiteRunner$SuiteWorker.run(SuiteRunner.java:467)\r\n\tat org.testng.internal.thread.ThreadUtil.lambda$execute$0(ThreadUtil.java:58)\r\n\tat java.util.concurrent.FutureTask.run(FutureTask.java:266)\r\n\tat java.util.concurrent.ThreadPoolExecutor.runWorker(ThreadPoolExecutor.java:1149)\r\n\tat java.util.concurrent.ThreadPoolExecutor$Worker.run(ThreadPoolExecutor.java:624)\r\n\tat java.lang.Thread.run(Thread.java:750)\r\nCaused by: java.lang.reflect.InvocationTargetException\r\n\tat sun.reflect.NativeMethodAccessorImpl.invoke0(Native Method)\r\n\tat sun.reflect.NativeMethodAccessorImpl.invoke(NativeMethodAccessorImpl.java:62)\r\n\tat sun.reflect.DelegatingMethodAccessorImpl.invoke(DelegatingMethodAccessorImpl.java:43)\r\n\tat java.lang.reflect.Method.invoke(Method.java:498)\r\n\tat io.appium.java_client.remote.AppiumCommandExecutor$1.createSession(AppiumCommandExecutor.java:193)\r\n\t... 39 more\r\nCaused by: org.openqa.selenium.WebDriverException: An unknown server-side error occurred while processing the command. Original error: Could not determine iOS SDK version: Could not find path to Xcode by symlinks located in /var/db/xcode_select_link, or /usr/share/xcode-select/xcode_dir_link\nBuild info: version: '3.141.59', revision: 'e82be7d358', time: '2018-11-14T08:17:03'\nSystem info: host: 'DESKTOP-RAH6IHC', ip: '192.168.1.7', os.name: 'Windows 10', os.arch: 'amd64', os.version: '10.0', java.version: '1.8.0_351'\nDriver info: driver.version: IOSDriver\nremote stacktrace: UnknownError: An unknown server-side error occurred while processing the command. Original error: Could not determine iOS SDK version: Could not find path to Xcode by symlinks located in /var/db/xcode_select_link, or /usr/share/xcode-select/xcode_dir_link\n    at getResponseForW3CError (C:\\Users\\ad\\AppData\\Roaming\\npm\\node_modules\\appium\\node_modules\\appium-base-driver\\lib\\protocol\\errors.js:804:9)\n    at asyncHandler (C:\\Users\\ad\\AppData\\Roaming\\npm\\node_modules\\appium\\node_modules\\appium-base-driver\\lib\\protocol\\protocol.js:380:37)\r\n\tat sun.reflect.NativeConstructorAccessorImpl.newInstance0(Native Method)\r\n\tat sun.reflect.NativeConstructorAccessorImpl.newInstance(NativeConstructorAccessorImpl.java:62)\r\n\tat sun.reflect.DelegatingConstructorAccessorImpl.newInstance(DelegatingConstructorAccessorImpl.java:45)\r\n\tat java.lang.reflect.Constructor.newInstance(Constructor.java:423)\r\n\tat org.openqa.selenium.remote.W3CHandshakeResponse.lambda$errorHandler$0(W3CHandshakeResponse.java:62)\r\n\tat org.openqa.selenium.remote.HandshakeResponse.lambda$getResponseFunction$0(HandshakeResponse.java:30)\r\n\tat org.openqa.selenium.remote.ProtocolHandshake.lambda$createSession$0(ProtocolHandshake.java:126)\r\n\tat java.util.stream.ReferencePipeline$3$1.accept(ReferencePipeline.java:193)\r\n\tat java.util.Spliterators$ArraySpliterator.tryAdvance(Spliterators.java:958)\r\n\tat java.util.stream.ReferencePipeline.forEachWithCancel(ReferencePipeline.java:126)\r\n\tat java.util.stream.AbstractPipeline.copyIntoWithCancel(AbstractPipeline.java:499)\r\n\tat java.util.stream.AbstractPipeline.copyInto(AbstractPipeline.java:486)\r\n\tat java.util.stream.AbstractPipeline.wrapAndCopyInto(AbstractPipeline.java:472)\r\n\tat java.util.stream.FindOps$FindOp.evaluateSequential(FindOps.java:152)\r\n\tat java.util.stream.AbstractPipeline.evaluate(AbstractPipeline.java:234)\r\n\tat java.util.stream.ReferencePipeline.findFirst(ReferencePipeline.java:464)\r\n\tat org.openqa.selenium.remote.ProtocolHandshake.createSession(ProtocolHandshake.java:128)\r\n\t... 44 more\r\n"},"stage":"finished","steps":[],"attachments":[],"parameters":[{"name":"platformName","value":"ios"},{"name":"udid","value":"iPhone 13"},{"name":"platformVersion","value":"15.0"},{"name":"systemPort","value":"8500"},{"name":"arg0","value":"LoginCred{username='Teo', password='password'}"}],"start":1670126246447,"stop":1670126246849}