<?xml version="1.0" encoding="UTF-8"?>
<testng-results skipped="0" failed="1" ignored="0" total="2" passed="1">
  <reporter-output>
  </reporter-output>
  <suite name="Regression" duration-ms="25959" started-at="2022-12-11T12:49:38 ICT" finished-at="2022-12-11T12:50:04 ICT">
    <groups>
    </groups>
    <test name="emulator-5554" duration-ms="19462" started-at="2022-12-11T12:49:38 ICT" finished-at="2022-12-11T12:49:58 ICT">
      <class name="src.tests.authen.LoginTest">
        <test-method status="PASS" signature="initAppiumSession(java.lang.String,java.lang.String,java.lang.String,java.lang.String)[pri:0, instance:src.tests.authen.LoginTest@34b7ac2f]" name="initAppiumSession" is-config="true" duration-ms="9" started-at="2022-12-11T12:49:38 ICT" finished-at="2022-12-11T12:49:38 ICT">
          <params>
            <param index="0">
              <value>
                <![CDATA[emulator-5554]]>
              </value>
            </param>
            <param index="1">
              <value>
                <![CDATA[9103]]>
              </value>
            </param>
            <param index="2">
              <value>
                <![CDATA[android]]>
              </value>
            </param>
            <param index="3">
              <value>
                <![CDATA[15.0]]>
              </value>
            </param>
          </params>
          <reporter-output>
          </reporter-output>
        </test-method> <!-- initAppiumSession -->
        <test-method status="PASS" signature="testLogin()[pri:0, instance:src.tests.authen.LoginTest@34b7ac2f]" name="testLogin" duration-ms="19164" started-at="2022-12-11T12:49:38 ICT" finished-at="2022-12-11T12:49:58 ICT">
          <reporter-output>
          </reporter-output>
        </test-method> <!-- testLogin -->
        <test-method status="PASS" signature="captureScreenshot(org.testng.ITestResult)[pri:0, instance:src.tests.authen.LoginTest@34b7ac2f]" name="captureScreenshot" is-config="true" duration-ms="0" started-at="2022-12-11T12:49:58 ICT" finished-at="2022-12-11T12:49:58 ICT">
          <params>
            <param index="0">
              <value>
                <![CDATA[[TestResult name=testLogin status=SUCCESS method=LoginTest.testLogin()[pri:0, instance:src.tests.authen.LoginTest@34b7ac2f] output={null}]]]>
              </value>
            </param>
          </params>
          <reporter-output>
          </reporter-output>
        </test-method> <!-- captureScreenshot -->
        <test-method status="PASS" signature="quitAppiumSession()[pri:0, instance:src.tests.authen.LoginTest@34b7ac2f]" name="quitAppiumSession" is-config="true" duration-ms="242" started-at="2022-12-11T12:49:58 ICT" finished-at="2022-12-11T12:49:58 ICT">
          <reporter-output>
          </reporter-output>
        </test-method> <!-- quitAppiumSession -->
      </class> <!-- src.tests.authen.LoginTest -->
    </test> <!-- emulator-5554 -->
    <test name="emulator-5556" duration-ms="25959" started-at="2022-12-11T12:49:38 ICT" finished-at="2022-12-11T12:50:04 ICT">
      <class name="src.tests.webview.WebviewTest">
        <test-method status="PASS" signature="initAppiumSession(java.lang.String,java.lang.String,java.lang.String,java.lang.String)[pri:0, instance:src.tests.webview.WebviewTest@3aefe5e5]" name="initAppiumSession" is-config="true" duration-ms="9" started-at="2022-12-11T12:49:38 ICT" finished-at="2022-12-11T12:49:38 ICT">
          <params>
            <param index="0">
              <value>
                <![CDATA[emulator-5556]]>
              </value>
            </param>
            <param index="1">
              <value>
                <![CDATA[9161]]>
              </value>
            </param>
            <param index="2">
              <value>
                <![CDATA[android]]>
              </value>
            </param>
            <param index="3">
              <value>
                <![CDATA[15.0]]>
              </value>
            </param>
          </params>
          <reporter-output>
          </reporter-output>
        </test-method> <!-- initAppiumSession -->
        <test-method status="FAIL" signature="testWebview()[pri:0, instance:src.tests.webview.WebviewTest@3aefe5e5]" name="testWebview" duration-ms="25417" started-at="2022-12-11T12:49:38 ICT" finished-at="2022-12-11T12:50:04 ICT">
          <exception class="io.appium.java_client.NoSuchContextException">
            <message>
              <![CDATA[An unknown server-side error occurred while processing the command. Original error: No Chromedriver found that can automate Chrome '103.0.5060'. You could also try to enable automated chromedrivers download server feature. See https://github.com/appium/appium/blob/master/docs/en/writing-running-appium/web/chromedriver.md for more details
Build info: version: 'unknown', revision: 'unknown', time: 'unknown'
System info: host: 'DESKTOP-RAH6IHC', ip: '192.168.1.7', os.name: 'Windows 10', os.arch: 'amd64', os.version: '10.0', java.version: '1.8.0_351'
Driver info: io.appium.java_client.android.AndroidDriver
Capabilities {appActivity: com.wdiodemoapp.MainActivity, appPackage: com.wdiodemoapp, automationName: uiautomator2, databaseEnabled: false, desired: {appActivity: com.wdiodemoapp.MainActivity, appPackage: com.wdiodemoapp, automationName: uiautomator2, platformName: android, server:CONFIG_UUID: fe0fae99-5e60-4eb2-afea-412..., systemPort: 9161, udid: emulator-5556}, deviceApiLevel: 33, deviceManufacturer: Google, deviceModel: sdk_gphone64_x86_64, deviceName: emulator-5556, deviceScreenDensity: 440, deviceScreenSize: 1080x2220, deviceUDID: emulator-5556, javascriptEnabled: true, locationContextEnabled: false, networkConnectionEnabled: true, pixelRatio: 2.75, platform: LINUX, platformName: android, platformVersion: 13, server:CONFIG_UUID: fe0fae99-5e60-4eb2-afea-412..., statBarHeight: 66, systemPort: 9161, takesScreenshot: true, udid: emulator-5556, viewportRect: {height: 2022, left: 0, top: 66, width: 1080}, warnings: {}, webStorageEnabled: false}
Session ID: abe27166-92ab-4469-a900-4487a6e43fb3]]>
            </message>
            <full-stacktrace>
              <![CDATA[io.appium.java_client.NoSuchContextException: An unknown server-side error occurred while processing the command. Original error: No Chromedriver found that can automate Chrome '103.0.5060'. You could also try to enable automated chromedrivers download server feature. See https://github.com/appium/appium/blob/master/docs/en/writing-running-appium/web/chromedriver.md for more details
Build info: version: 'unknown', revision: 'unknown', time: 'unknown'
System info: host: 'DESKTOP-RAH6IHC', ip: '192.168.1.7', os.name: 'Windows 10', os.arch: 'amd64', os.version: '10.0', java.version: '1.8.0_351'
Driver info: io.appium.java_client.android.AndroidDriver
Capabilities {appActivity: com.wdiodemoapp.MainActivity, appPackage: com.wdiodemoapp, automationName: uiautomator2, databaseEnabled: false, desired: {appActivity: com.wdiodemoapp.MainActivity, appPackage: com.wdiodemoapp, automationName: uiautomator2, platformName: android, server:CONFIG_UUID: fe0fae99-5e60-4eb2-afea-412..., systemPort: 9161, udid: emulator-5556}, deviceApiLevel: 33, deviceManufacturer: Google, deviceModel: sdk_gphone64_x86_64, deviceName: emulator-5556, deviceScreenDensity: 440, deviceScreenSize: 1080x2220, deviceUDID: emulator-5556, javascriptEnabled: true, locationContextEnabled: false, networkConnectionEnabled: true, pixelRatio: 2.75, platform: LINUX, platformName: android, platformVersion: 13, server:CONFIG_UUID: fe0fae99-5e60-4eb2-afea-412..., statBarHeight: 66, systemPort: 9161, takesScreenshot: true, udid: emulator-5556, viewportRect: {height: 2022, left: 0, top: 66, width: 1080}, warnings: {}, webStorageEnabled: false}
Session ID: abe27166-92ab-4469-a900-4487a6e43fb3
at io.appium.java_client.AppiumDriver.context(AppiumDriver.java:232)
at src.tests.webview.WebviewTest.testWebview(WebviewTest.java:33)
at sun.reflect.NativeMethodAccessorImpl.invoke0(Native Method)
at sun.reflect.NativeMethodAccessorImpl.invoke(NativeMethodAccessorImpl.java:62)
at sun.reflect.DelegatingMethodAccessorImpl.invoke(DelegatingMethodAccessorImpl.java:43)
at java.lang.reflect.Method.invoke(Method.java:498)
at org.testng.internal.invokers.MethodInvocationHelper.invokeMethod(MethodInvocationHelper.java:135)
at org.testng.internal.invokers.TestInvoker.invokeMethod(TestInvoker.java:673)
at org.testng.internal.invokers.TestInvoker.invokeTestMethod(TestInvoker.java:220)
at org.testng.internal.invokers.MethodRunner.runInSequence(MethodRunner.java:50)
at org.testng.internal.invokers.TestInvoker$MethodInvocationAgent.invoke(TestInvoker.java:945)
at org.testng.internal.invokers.TestInvoker.invokeTestMethods(TestInvoker.java:193)
at org.testng.internal.invokers.TestMethodWorker.invokeTestMethods(TestMethodWorker.java:146)
at org.testng.internal.invokers.TestMethodWorker.run(TestMethodWorker.java:128)
at java.util.ArrayList.forEach(ArrayList.java:1259)
at org.testng.TestRunner.privateRun(TestRunner.java:808)
at org.testng.TestRunner.run(TestRunner.java:603)
at org.testng.SuiteRunner.runTest(SuiteRunner.java:429)
at org.testng.SuiteRunner.access$000(SuiteRunner.java:32)
at org.testng.SuiteRunner$SuiteWorker.run(SuiteRunner.java:467)
at org.testng.internal.thread.ThreadUtil.lambda$execute$0(ThreadUtil.java:58)
at java.util.concurrent.FutureTask.run(FutureTask.java:266)
at java.util.concurrent.ThreadPoolExecutor.runWorker(ThreadPoolExecutor.java:1149)
at java.util.concurrent.ThreadPoolExecutor$Worker.run(ThreadPoolExecutor.java:624)
at java.lang.Thread.run(Thread.java:750)
Caused by: org.openqa.selenium.WebDriverException: An unknown server-side error occurred while processing the command. Original error: No Chromedriver found that can automate Chrome '103.0.5060'. You could also try to enable automated chromedrivers download server feature. See https://github.com/appium/appium/blob/master/docs/en/writing-running-appium/web/chromedriver.md for more details
Build info: version: 'unknown', revision: 'unknown', time: 'unknown'
System info: host: 'DESKTOP-RAH6IHC', ip: '192.168.1.7', os.name: 'Windows 10', os.arch: 'amd64', os.version: '10.0', java.version: '1.8.0_351'
Driver info: io.appium.java_client.android.AndroidDriver
Capabilities {appActivity: com.wdiodemoapp.MainActivity, appPackage: com.wdiodemoapp, automationName: uiautomator2, databaseEnabled: false, desired: {appActivity: com.wdiodemoapp.MainActivity, appPackage: com.wdiodemoapp, automationName: uiautomator2, platformName: android, server:CONFIG_UUID: fe0fae99-5e60-4eb2-afea-412..., systemPort: 9161, udid: emulator-5556}, deviceApiLevel: 33, deviceManufacturer: Google, deviceModel: sdk_gphone64_x86_64, deviceName: emulator-5556, deviceScreenDensity: 440, deviceScreenSize: 1080x2220, deviceUDID: emulator-5556, javascriptEnabled: true, locationContextEnabled: false, networkConnectionEnabled: true, pixelRatio: 2.75, platform: LINUX, platformName: android, platformVersion: 13, server:CONFIG_UUID: fe0fae99-5e60-4eb2-afea-412..., statBarHeight: 66, systemPort: 9161, takesScreenshot: true, udid: emulator-5556, viewportRect: {height: 2022, left: 0, top: 66, width: 1080}, warnings: {}, webStorageEnabled: false}
Session ID: abe27166-92ab-4469-a900-4487a6e43fb3
at sun.reflect.NativeConstructorAccessorImpl.newInstance0(Native Method)
at sun.reflect.NativeConstructorAccessorImpl.newInstance(NativeConstructorAccessorImpl.java:62)
at sun.reflect.DelegatingConstructorAccessorImpl.newInstance(DelegatingConstructorAccessorImpl.java:45)
at java.lang.reflect.Constructor.newInstance(Constructor.java:423)
at org.openqa.selenium.remote.http.W3CHttpResponseCodec.createException(W3CHttpResponseCodec.java:187)
at org.openqa.selenium.remote.http.W3CHttpResponseCodec.decode(W3CHttpResponseCodec.java:122)
at org.openqa.selenium.remote.http.W3CHttpResponseCodec.decode(W3CHttpResponseCodec.java:49)
at org.openqa.selenium.remote.HttpCommandExecutor.execute(HttpCommandExecutor.java:158)
at io.appium.java_client.remote.AppiumCommandExecutor.execute(AppiumCommandExecutor.java:250)
at org.openqa.selenium.remote.RemoteWebDriver.execute(RemoteWebDriver.java:552)
at io.appium.java_client.DefaultGenericMobileDriver.execute(DefaultGenericMobileDriver.java:41)
at io.appium.java_client.AppiumDriver.execute(AppiumDriver.java:1)
at io.appium.java_client.android.AndroidDriver.execute(AndroidDriver.java:1)
at io.appium.java_client.AppiumDriver.context(AppiumDriver.java:229)
... 24 more
]]>
            </full-stacktrace>
          </exception> <!-- io.appium.java_client.NoSuchContextException -->
          <reporter-output>
          </reporter-output>
        </test-method> <!-- testWebview -->
        <test-method status="PASS" signature="captureScreenshot(org.testng.ITestResult)[pri:0, instance:src.tests.webview.WebviewTest@3aefe5e5]" name="captureScreenshot" is-config="true" duration-ms="240" started-at="2022-12-11T12:50:04 ICT" finished-at="2022-12-11T12:50:04 ICT">
          <params>
            <param index="0">
              <value>
                <![CDATA[[TestResult name=testWebview status=FAILURE method=WebviewTest.testWebview()[pri:0, instance:src.tests.webview.WebviewTest@3aefe5e5] output={null}]]]>
              </value>
            </param>
          </params>
          <reporter-output>
          </reporter-output>
        </test-method> <!-- captureScreenshot -->
        <test-method status="PASS" signature="quitAppiumSession()[pri:0, instance:src.tests.webview.WebviewTest@3aefe5e5]" name="quitAppiumSession" is-config="true" duration-ms="275" started-at="2022-12-11T12:50:04 ICT" finished-at="2022-12-11T12:50:04 ICT">
          <reporter-output>
          </reporter-output>
        </test-method> <!-- quitAppiumSession -->
      </class> <!-- src.tests.webview.WebviewTest -->
    </test> <!-- emulator-5556 -->
  </suite> <!-- Regression -->
</testng-results>
